Copyright 1986-2020 Xilinx, Inc. All Rights Reserved.
-------------------------------------------------------------------------------------------------
| Tool Version              : Vivado v.2020.1 (win64) Build 2902540 Wed May 27 19:54:49 MDT 2020
| Date                      : Tue Jul 28 13:20:35 2020
| Host                      : LAPTOP-KDBVI58S running 64-bit major release  (build 9200)
| Command                   : report_io -file system_wrapper_io_placed.rpt
| Design                    : system_wrapper
| Device                    : xc7s15
| Speed File                : -1
| Package                   : ftgb196
| Package Version           : PRODUCTION 1.1 03/19/2018
| Package Pin Delay Version : PRODUCTION 1.0 10/16/2017
-------------------------------------------------------------------------------------------------

IO Information

Table of Contents
-----------------
1. Summary
2. IO Assignments by Package Pin

1. Summary
----------

+---------------+
| Total User IO |
+---------------+
|            26 |
+---------------+


2. IO Assignments by Package Pin
--------------------------------

+------------+------------------+------------+------------------------------+---------------+-------------+---------+------------+------+---------------------+----------------------+---------+------------+-----------+----------+----------+------------------+--------------+-------------------+--------------+
| Pin Number | Signal Name      | Bank Type  | Pin Name                     | Use           | IO Standard | IO Bank | Drive (mA) | Slew | On-Chip Termination | Off-Chip Termination | Voltage | Constraint | Pull Type | DQS Bias | Vref     | Signal Integrity | Pre Emphasis | Lvds Pre Emphasis | Equalization |
+------------+------------------+------------+------------------------------+---------------+-------------+---------+------------+------+---------------------+----------------------+---------+------------+-----------+----------+----------+------------------+--------------+-------------------+--------------+
| A1         |                  |            | GND                          | GND           |             |         |            |      |                     |                      |     0.0 |            |           |          |          |                  |              |                   |              |
| A2         |                  | High Range | IO_L3N_T0_DQS_34             | User IO       |             |      34 |            |      |                     |                      |         |            |           |          |          |                  |              |                   |              |
| A3         |                  | High Range | IO_L2N_T0_34                 | User IO       |             |      34 |            |      |                     |                      |         |            |           |          |          |                  |              |                   |              |
| A4         |                  | High Range | IO_L2P_T0_34                 | User IO       |             |      34 |            |      |                     |                      |         |            |           |          |          |                  |              |                   |              |
| A5         |                  | High Range | IO_L4N_T0_34                 | User IO       |             |      34 |            |      |                     |                      |         |            |           |          |          |                  |              |                   |              |
| A6         |                  |            | GND                          | GND           |             |         |            |      |                     |                      |     0.0 |            |           |          |          |                  |              |                   |              |
| A7         |                  | Dedicated  | TCK_0                        | Config        |             |       0 |            |      |                     |                      |         |            |           |          |          |                  |              |                   |              |
| A8         |                  | Dedicated  | CCLK_0                       | Config        |             |       0 |            |      |                     |                      |         |            |           |          |          |                  |              |                   |              |
| A9         |                  |            | GND                          | GND           |             |         |            |      |                     |                      |     0.0 |            |           |          |          |                  |              |                   |              |
| A10        |                  | High Range | IO_L3N_T0_DQS_EMCCLK_14      | User IO       |             |      14 |            |      |                     |                      |         |            |           |          |          |                  |              |                   |              |
| A11        |                  |            | GND                          | GND           |             |         |            |      |                     |                      |     0.0 |            |           |          |          |                  |              |                   |              |
| A12        | UART_0_txd       | High Range | IO_L4P_T0_D04_14             | OUTPUT        | LVCMOS33    |      14 |         12 | SLOW |                     |            FP_VTT_50 |         | FIXED      |           |          |          | NONE             |              |                   |              |
| A13        | led_tri_o[1]     | High Range | IO_L4N_T0_D05_14             | OUTPUT        | LVCMOS33    |      14 |         12 | SLOW |                     |            FP_VTT_50 |         | FIXED      |           |          |          | NONE             |              |                   |              |
| A14        |                  |            | GND                          | GND           |             |         |            |      |                     |                      |     0.0 |            |           |          |          |                  |              |                   |              |
| B1         |                  | High Range | IO_L5N_T0_34                 | User IO       |             |      34 |            |      |                     |                      |         |            |           |          |          |                  |              |                   |              |
| B2         |                  | High Range | IO_L5P_T0_34                 | User IO       |             |      34 |            |      |                     |                      |         |            |           |          |          |                  |              |                   |              |
| B3         |                  | High Range | IO_L3P_T0_DQS_34             | User IO       |             |      34 |            |      |                     |                      |         |            |           |          |          |                  |              |                   |              |
| B4         |                  |            | GND                          | GND           |             |         |            |      |                     |                      |     0.0 |            |           |          |          |                  |              |                   |              |
| B5         |                  | High Range | IO_L4P_T0_34                 | User IO       |             |      34 |            |      |                     |                      |         |            |           |          |          |                  |              |                   |              |
| B6         |                  | High Range | IO_0_34                      | User IO       |             |      34 |            |      |                     |                      |         |            |           |          |          |                  |              |                   |              |
| B7         |                  |            | GND                          | GND           |             |         |            |      |                     |                      |     0.0 |            |           |          |          |                  |              |                   |              |
| B8         |                  |            | NC                           | Not Connected |             |         |            |      |                     |                      |         |            |           |          |          |                  |              |                   |              |
| B9         |                  |            | GND                          | GND           |             |         |            |      |                     |                      |     0.0 |            |           |          |          |                  |              |                   |              |
| B10        |                  | High Range | IO_L3P_T0_DQS_PUDC_B_14      | User IO       |             |      14 |            |      |                     |                      |         |            |           |          |          |                  |              |                   |              |
| B11        |                  | High Range | IO_L1P_T0_D00_MOSI_14        | User IO       |             |      14 |            |      |                     |                      |         |            |           |          |          |                  |              |                   |              |
| B12        |                  | High Range | IO_L1N_T0_D01_DIN_14         | User IO       |             |      14 |            |      |                     |                      |         |            |           |          |          |                  |              |                   |              |
| B13        |                  | High Range | IO_L5P_T0_D06_14             | User IO       |             |      14 |            |      |                     |                      |         |            |           |          |          |                  |              |                   |              |
| B14        |                  | High Range | IO_L5N_T0_D07_14             | User IO       |             |      14 |            |      |                     |                      |         |            |           |          |          |                  |              |                   |              |
| C1         | TMDS_0_data_n[2] | High Range | IO_L11N_T1_SRCC_34           | OUTPUT        | TMDS_33     |      34 |            |      |                     |            FP_3.3_50 |         | FIXED      |           |          |          | NONE             |              |                   |              |
| C2         |                  |            | GND                          | GND           |             |         |            |      |                     |                      |     0.0 |            |           |          |          |                  |              |                   |              |
| C3         | change_filter    | High Range | IO_L1N_T0_34                 | INPUT         | LVCMOS33    |      34 |            |      |                     |                 NONE |         | FIXED      |           |          |          | NONE             |              |                   |              |
| C4         |                  | High Range | IO_L6N_T0_VREF_34            | User IO       |             |      34 |            |      |                     |                      |         |            |           |          |          |                  |              |                   |              |
| C5         |                  | High Range | IO_L6P_T0_34                 | User IO       |             |      34 |            |      |                     |                      |         |            |           |          |          |                  |              |                   |              |
| C6         |                  |            | GND                          | GND           |             |         |            |      |                     |                      |     0.0 |            |           |          |          |                  |              |                   |              |
| C7         |                  |            | GND                          | GND           |             |         |            |      |                     |                      |     0.0 |            |           |          |          |                  |              |                   |              |
| C8         |                  |            | GND                          | GND           |             |         |            |      |                     |                      |     0.0 |            |           |          |          |                  |              |                   |              |
| C9         |                  |            | GND                          | GND           |             |         |            |      |                     |                      |     0.0 |            |           |          |          |                  |              |                   |              |
| C10        | data_lp_n_0[0]   | High Range | IO_L2N_T0_D03_14             | INPUT         | HSUL_12     |      14 |            |      |                     |                 NONE |         | FIXED      |           |          | Internal | NONE             |              |                   |              |
| C11        |                  | High Range | IO_L6P_T0_FCS_B_14           | User IO       |             |      14 |            |      |                     |                      |         |            |           |          |          |                  |              |                   |              |
| C12        | UART_0_rxd       | High Range | IO_L6N_T0_D08_VREF_14        | INPUT         | LVCMOS33    |      14 |            |      |                     |                 NONE |         | FIXED      |           |          |          | NONE             |              |                   |              |
| C13        |                  |            | GND                          | GND           |             |         |            |      |                     |                      |     0.0 |            |           |          |          |                  |              |                   |              |
| C14        |                  | High Range | IO_L11N_T1_SRCC_14           | User IO       |             |      14 |            |      |                     |                      |         |            |           |          |          |                  |              |                   |              |
| D1         | TMDS_0_data_p[2] | High Range | IO_L11P_T1_SRCC_34           | OUTPUT        | TMDS_33     |      34 |            |      |                     |            FP_3.3_50 |         | FIXED      |           |          |          | NONE             |              |                   |              |
| D2         | TMDS_0_data_n[1] | High Range | IO_L10N_T1_34                | OUTPUT        | TMDS_33     |      34 |            |      |                     |            FP_3.3_50 |         | FIXED      |           |          |          | NONE             |              |                   |              |
| D3         |                  | High Range | IO_L1P_T0_34                 | User IO       |             |      34 |            |      |                     |                      |         |            |           |          |          |                  |              |                   |              |
| D4         |                  | High Range | IO_L7N_T1_34                 | User IO       |             |      34 |            |      |                     |                      |         |            |           |          |          |                  |              |                   |              |
| D5         |                  |            | GND                          | GND           |             |         |            |      |                     |                      |     0.0 |            |           |          |          |                  |              |                   |              |
| D6         |                  |            | VCCINT                       | VCCINT        |             |         |            |      |                     |                      |         |            |           |          |          |                  |              |                   |              |
| D7         |                  |            | GND                          | GND           |             |         |            |      |                     |                      |     0.0 |            |           |          |          |                  |              |                   |              |
| D8         |                  |            | VCCINT                       | VCCINT        |             |         |            |      |                     |                      |         |            |           |          |          |                  |              |                   |              |
| D9         |                  |            | GND                          | GND           |             |         |            |      |                     |                      |     0.0 |            |           |          |          |                  |              |                   |              |
| D10        | data_lp_p_0[0]   | High Range | IO_L2P_T0_D02_14             | INPUT         | HSUL_12     |      14 |            |      |                     |                 NONE |         | FIXED      |           |          | Internal | NONE             |              |                   |              |
| D11        |                  |            | GND                          | GND           |             |         |            |      |                     |                      |     0.0 |            |           |          |          |                  |              |                   |              |
| D12        |                  | High Range | IO_L8P_T1_D11_14             | User IO       |             |      14 |            |      |                     |                      |         |            |           |          |          |                  |              |                   |              |
| D13        |                  | High Range | IO_L8N_T1_D12_14             | User IO       |             |      14 |            |      |                     |                      |         |            |           |          |          |                  |              |                   |              |
| D14        |                  | High Range | IO_L11P_T1_SRCC_14           | User IO       |             |      14 |            |      |                     |                      |         |            |           |          |          |                  |              |                   |              |
| E1         |                  |            | GND                          | GND           |             |         |            |      |                     |                      |     0.0 |            |           |          |          |                  |              |                   |              |
| E2         | TMDS_0_data_p[1] | High Range | IO_L10P_T1_34                | OUTPUT        | TMDS_33     |      34 |            |      |                     |            FP_3.3_50 |         | FIXED      |           |          |          | NONE             |              |                   |              |
| E3         |                  |            | GND                          | GND           |             |         |            |      |                     |                      |     0.0 |            |           |          |          |                  |              |                   |              |
| E4         |                  | High Range | IO_L7P_T1_34                 | User IO       |             |      34 |            |      |                     |                      |         |            |           |          |          |                  |              |                   |              |
| E5         |                  |            | VCCBRAM                      | VCCBRAM       |             |         |            |      |                     |                      |         |            |           |          |          |                  |              |                   |              |
| E6         |                  |            | GND                          | GND           |             |         |            |      |                     |                      |     0.0 |            |           |          |          |                  |              |                   |              |
| E7         |                  |            | VCCINT                       | VCCINT        |             |         |            |      |                     |                      |         |            |           |          |          |                  |              |                   |              |
| E8         |                  |            | GND                          | GND           |             |         |            |      |                     |                      |     0.0 |            |           |          |          |                  |              |                   |              |
| E9         |                  |            | VCCINT                       | VCCINT        |             |         |            |      |                     |                      |         |            |           |          |          |                  |              |                   |              |
| E10        |                  |            | GND                          | GND           |             |         |            |      |                     |                      |     0.0 |            |           |          |          |                  |              |                   |              |
| E11        |                  | High Range | IO_0_14                      | User IO       |             |      14 |            |      |                     |                      |         |            |           |          |          |                  |              |                   |              |
| E12        |                  | High Range | IO_L7N_T1_D10_14             | User IO       |             |      14 |            |      |                     |                      |         |            |           |          |          |                  |              |                   |              |
| E13        |                  | High Range | IO_L10N_T1_D15_14            | User IO       |             |      14 |            |      |                     |                      |         |            |           |          |          |                  |              |                   |              |
| E14        |                  |            | GND                          | GND           |             |         |            |      |                     |                      |     0.0 |            |           |          |          |                  |              |                   |              |
| F1         | TMDS_0_data_n[0] | High Range | IO_L9N_T1_DQS_34             | OUTPUT        | TMDS_33     |      34 |            |      |                     |            FP_3.3_50 |         | FIXED      |           |          |          | NONE             |              |                   |              |
| F2         |                  | High Range | IO_L8N_T1_34                 | User IO       |             |      34 |            |      |                     |                      |         |            |           |          |          |                  |              |                   |              |
| F3         |                  | High Range | IO_L8P_T1_34                 | User IO       |             |      34 |            |      |                     |                      |         |            |           |          |          |                  |              |                   |              |
| F4         | TMDS_0_clk_n     | High Range | IO_L12N_T1_MRCC_34           | OUTPUT        | TMDS_33     |      34 |            |      |                     |            FP_3.3_50 |         | FIXED      |           |          |          | NONE             |              |                   |              |
| F5         |                  |            | GND                          | GND           |             |         |            |      |                     |                      |     0.0 |            |           |          |          |                  |              |                   |              |
| F6         |                  |            | VCCINT                       | VCCINT        |             |         |            |      |                     |                      |         |            |           |          |          |                  |              |                   |              |
| F7         |                  |            | NC                           | Not Connected |             |         |            |      |                     |                      |         |            |           |          |          |                  |              |                   |              |
| F8         |                  |            | NC                           | Not Connected |             |         |            |      |                     |                      |         |            |           |          |          |                  |              |                   |              |
| F9         |                  |            | GND                          | GND           |             |         |            |      |                     |                      |     0.0 |            |           |          |          |                  |              |                   |              |
| F10        |                  |            | VCCAUX                       | VCCAUX        |             |         |            |      |                     |                      |    1.80 |            |           |          |          |                  |              |                   |              |
| F11        | clk_rxn_0        | High Range | IO_L12N_T1_MRCC_14           | INPUT         | LVDS_25     |      14 |            |      |                     |                 NONE |         | FIXED      |           |          |          | NONE             |              |                   |              |
| F12        |                  | High Range | IO_L7P_T1_D09_14             | User IO       |             |      14 |            |      |                     |                      |         |            |           |          |          |                  |              |                   |              |
| F13        |                  | High Range | IO_L10P_T1_D14_14            | User IO       |             |      14 |            |      |                     |                      |         |            |           |          |          |                  |              |                   |              |
| F14        |                  | High Range | IO_L9N_T1_DQS_D13_14         | User IO       |             |      14 |            |      |                     |                      |         |            |           |          |          |                  |              |                   |              |
| G1         | TMDS_0_data_p[0] | High Range | IO_L9P_T1_DQS_34             | OUTPUT        | TMDS_33     |      34 |            |      |                     |            FP_3.3_50 |         | FIXED      |           |          |          | NONE             |              |                   |              |
| G2         |                  | High Range | VCCO_34                      | VCCO          |             |      34 |            |      |                     |                      |    3.30 |            |           |          |          |                  |              |                   |              |
| G3         |                  |            | GND                          | GND           |             |         |            |      |                     |                      |     0.0 |            |           |          |          |                  |              |                   |              |
| G4         | TMDS_0_clk_p     | High Range | IO_L12P_T1_MRCC_34           | OUTPUT        | TMDS_33     |      34 |            |      |                     |            FP_3.3_50 |         | FIXED      |           |          |          | NONE             |              |                   |              |
| G5         |                  |            | VCCBRAM                      | VCCBRAM       |             |         |            |      |                     |                      |         |            |           |          |          |                  |              |                   |              |
| G6         |                  |            | GND                          | GND           |             |         |            |      |                     |                      |     0.0 |            |           |          |          |                  |              |                   |              |
| G7         |                  |            | NC                           | Not Connected |             |         |            |      |                     |                      |         |            |           |          |          |                  |              |                   |              |
| G8         |                  |            | NC                           | Not Connected |             |         |            |      |                     |                      |         |            |           |          |          |                  |              |                   |              |
| G9         |                  |            | VCCINT                       | VCCINT        |             |         |            |      |                     |                      |         |            |           |          |          |                  |              |                   |              |
| G10        |                  |            | GND                          | GND           |             |         |            |      |                     |                      |     0.0 |            |           |          |          |                  |              |                   |              |
| G11        | clk_rxp_0        | High Range | IO_L12P_T1_MRCC_14           | INPUT         | LVDS_25     |      14 |            |      |                     |                 NONE |         | FIXED      |           |          |          | NONE             |              |                   |              |
| G12        |                  |            | GND                          | GND           |             |         |            |      |                     |                      |     0.0 |            |           |          |          |                  |              |                   |              |
| G13        |                  | High Range | VCCO_14                      | VCCO          |             |      14 |            |      |                     |                      |    3.30 |            |           |          |          |                  |              |                   |              |
| G14        |                  | High Range | IO_L9P_T1_DQS_14             | User IO       |             |      14 |            |      |                     |                      |         |            |           |          |          |                  |              |                   |              |
| H1         |                  | High Range | IO_L14N_T2_SRCC_34           | User IO       |             |      34 |            |      |                     |                      |         |            |           |          |          |                  |              |                   |              |
| H2         |                  | High Range | IO_L14P_T2_SRCC_34           | User IO       |             |      34 |            |      |                     |                      |         |            |           |          |          |                  |              |                   |              |
| H3         |                  | High Range | IO_L13N_T2_MRCC_34           | User IO       |             |      34 |            |      |                     |                      |         |            |           |          |          |                  |              |                   |              |
| H4         | clk_in1_0        | High Range | IO_L13P_T2_MRCC_34           | INPUT         | LVCMOS33    |      34 |            |      |                     |                 NONE |         | FIXED      |           |          |          | NONE             |              |                   |              |
| H5         |                  |            | GND                          | GND           |             |         |            |      |                     |                      |     0.0 |            |           |          |          |                  |              |                   |              |
| H6         |                  |            | VCCINT                       | VCCINT        |             |         |            |      |                     |                      |         |            |           |          |          |                  |              |                   |              |
| H7         |                  |            | NC                           | Not Connected |             |         |            |      |                     |                      |         |            |           |          |          |                  |              |                   |              |
| H8         |                  |            | NC                           | Not Connected |             |         |            |      |                     |                      |         |            |           |          |          |                  |              |                   |              |
| H9         |                  |            | GND                          | GND           |             |         |            |      |                     |                      |     0.0 |            |           |          |          |                  |              |                   |              |
| H10        |                  |            | VCCAUX                       | VCCAUX        |             |         |            |      |                     |                      |    1.80 |            |           |          |          |                  |              |                   |              |
| H11        |                  | High Range | IO_L13P_T2_MRCC_14           | User IO       |             |      14 |            |      |                     |                      |         |            |           |          |          |                  |              |                   |              |
| H12        |                  | High Range | IO_L13N_T2_MRCC_14           | User IO       |             |      14 |            |      |                     |                      |         |            |           |          |          |                  |              |                   |              |
| H13        |                  | High Range | IO_L14P_T2_SRCC_14           | User IO       |             |      14 |            |      |                     |                      |         |            |           |          |          |                  |              |                   |              |
| H14        |                  | High Range | IO_L14N_T2_SRCC_14           | User IO       |             |      14 |            |      |                     |                      |         |            |           |          |          |                  |              |                   |              |
| J1         | led_tri_o[0]     | High Range | IO_L15N_T2_DQS_34            | OUTPUT        | LVCMOS33    |      34 |         12 | SLOW |                     |            FP_VTT_50 |         | FIXED      |           |          |          | NONE             |              |                   |              |
| J2         |                  | High Range | IO_L15P_T2_DQS_34            | User IO       |             |      34 |            |      |                     |                      |         |            |           |          |          |                  |              |                   |              |
| J3         |                  | High Range | IO_L17N_T2_34                | User IO       |             |      34 |            |      |                     |                      |         |            |           |          |          |                  |              |                   |              |
| J4         |                  | High Range | IO_L17P_T2_34                | User IO       |             |      34 |            |      |                     |                      |         |            |           |          |          |                  |              |                   |              |
| J5         |                  |            | VCCBRAM                      | VCCBRAM       |             |         |            |      |                     |                      |         |            |           |          |          |                  |              |                   |              |
| J6         |                  |            | GND                          | GND           |             |         |            |      |                     |                      |     0.0 |            |           |          |          |                  |              |                   |              |
| J7         |                  | Dedicated  | DXN_0                        | Temp Sensor   |             |       0 |            |      |                     |                      |         |            |           |          |          |                  |              |                   |              |
| J8         |                  | Dedicated  | DXP_0                        | Temp Sensor   |             |       0 |            |      |                     |                      |         |            |           |          |          |                  |              |                   |              |
| J9         |                  |            | VCCINT                       | VCCINT        |             |         |            |      |                     |                      |         |            |           |          |          |                  |              |                   |              |
| J10        |                  |            | GND                          | GND           |             |         |            |      |                     |                      |     0.0 |            |           |          |          |                  |              |                   |              |
| J11        | data_rxp_0[0]    | High Range | IO_L17P_T2_D30_14            | INPUT         | LVDS_25     |      14 |            |      |                     |                 NONE |         | FIXED      |           |          |          | NONE             |              |                   |              |
| J12        | data_rxn_0[0]    | High Range | IO_L17N_T2_D29_14            | INPUT         | LVDS_25     |      14 |            |      |                     |                 NONE |         | FIXED      |           |          |          | NONE             |              |                   |              |
| J13        |                  | High Range | IO_L18P_T2_D28_14            | User IO       |             |      14 |            |      |                     |                      |         |            |           |          |          |                  |              |                   |              |
| J14        |                  | High Range | IO_L18N_T2_D27_14            | User IO       |             |      14 |            |      |                     |                      |         |            |           |          |          |                  |              |                   |              |
| K1         |                  |            | GND                          | GND           |             |         |            |      |                     |                      |     0.0 |            |           |          |          |                  |              |                   |              |
| K2         |                  | High Range | VCCO_34                      | VCCO          |             |      34 |            |      |                     |                      |    3.30 |            |           |          |          |                  |              |                   |              |
| K3         |                  | High Range | IO_L16N_T2_34                | User IO       |             |      34 |            |      |                     |                      |         |            |           |          |          |                  |              |                   |              |
| K4         |                  | High Range | IO_L16P_T2_34                | User IO       |             |      34 |            |      |                     |                      |         |            |           |          |          |                  |              |                   |              |
| K5         |                  |            | GND                          | GND           |             |         |            |      |                     |                      |     0.0 |            |           |          |          |                  |              |                   |              |
| K6         |                  |            | VCCINT                       | VCCINT        |             |         |            |      |                     |                      |         |            |           |          |          |                  |              |                   |              |
| K7         |                  |            | GND                          | GND           |             |         |            |      |                     |                      |     0.0 |            |           |          |          |                  |              |                   |              |
| K8         |                  |            | VCCINT                       | VCCINT        |             |         |            |      |                     |                      |         |            |           |          |          |                  |              |                   |              |
| K9         |                  |            | GND                          | GND           |             |         |            |      |                     |                      |     0.0 |            |           |          |          |                  |              |                   |              |
| K10        |                  |            | VCCAUX                       | VCCAUX        |             |         |            |      |                     |                      |    1.80 |            |           |          |          |                  |              |                   |              |
| K11        | cam_iic_scl_io   | High Range | IO_L19P_T3_D26_14            | BIDIR         | LVCMOS33    |      14 |         12 | SLOW |                     |            FP_VTT_50 |         | FIXED      | PULLUP    |          |          | NONE             |              |                   |              |
| K12        | cam_iic_sda_io   | High Range | IO_L19N_T3_D25_VREF_14       | BIDIR         | LVCMOS33    |      14 |         12 | SLOW |                     |            FP_VTT_50 |         | FIXED      | PULLUP    |          |          | NONE             |              |                   |              |
| K13        |                  | High Range | VCCO_14                      | VCCO          |             |      14 |            |      |                     |                      |    3.30 |            |           |          |          |                  |              |                   |              |
| K14        |                  |            | GND                          | GND           |             |         |            |      |                     |                      |     0.0 |            |           |          |          |                  |              |                   |              |
| L1         |                  | High Range | IO_L18N_T2_34                | User IO       |             |      34 |            |      |                     |                      |         |            |           |          |          |                  |              |                   |              |
| L2         |                  | High Range | IO_L22N_T3_34                | User IO       |             |      34 |            |      |                     |                      |         |            |           |          |          |                  |              |                   |              |
| L3         |                  | High Range | IO_L22P_T3_34                | User IO       |             |      34 |            |      |                     |                      |         |            |           |          |          |                  |              |                   |              |
| L4         |                  |            | GND                          | GND           |             |         |            |      |                     |                      |     0.0 |            |           |          |          |                  |              |                   |              |
| L5         |                  | High Range | IO_25_34                     | User IO       |             |      34 |            |      |                     |                      |         |            |           |          |          |                  |              |                   |              |
| L6         |                  |            | GND                          | GND           |             |         |            |      |                     |                      |     0.0 |            |           |          |          |                  |              |                   |              |
| L7         |                  | Dedicated  | PROGRAM_B_0                  | Config        |             |       0 |            |      |                     |                      |         |            |           |          |          |                  |              |                   |              |
| L8         |                  |            | GND                          | GND           |             |         |            |      |                     |                      |     0.0 |            |           |          |          |                  |              |                   |              |
| L9         |                  |            | VCCAUX                       | VCCAUX        |             |         |            |      |                     |                      |    1.80 |            |           |          |          |                  |              |                   |              |
| L10        |                  |            | GND                          | GND           |             |         |            |      |                     |                      |     0.0 |            |           |          |          |                  |              |                   |              |
| L11        |                  |            | GND                          | GND           |             |         |            |      |                     |                      |     0.0 |            |           |          |          |                  |              |                   |              |
| L12        |                  | High Range | IO_L16P_T2_CSI_B_14          | User IO       |             |      14 |            |      |                     |                      |         |            |           |          |          |                  |              |                   |              |
| L13        |                  | High Range | IO_L16N_T2_D31_14            | User IO       |             |      14 |            |      |                     |                      |         |            |           |          |          |                  |              |                   |              |
| L14        |                  | High Range | IO_L15N_T2_DQS_DOUT_CSO_B_14 | User IO       |             |      14 |            |      |                     |                      |         |            |           |          |          |                  |              |                   |              |
| M1         |                  | High Range | IO_L18P_T2_34                | User IO       |             |      34 |            |      |                     |                      |         |            |           |          |          |                  |              |                   |              |
| M2         |                  | High Range | IO_L19N_T3_VREF_34           | User IO       |             |      34 |            |      |                     |                      |         |            |           |          |          |                  |              |                   |              |
| M3         |                  | High Range | IO_L19P_T3_34                | User IO       |             |      34 |            |      |                     |                      |         |            |           |          |          |                  |              |                   |              |
| M4         | filter_reset     | High Range | IO_L23N_T3_34                | INPUT         | LVCMOS33    |      34 |            |      |                     |                 NONE |         | FIXED      |           |          |          | NONE             |              |                   |              |
| M5         |                  | High Range | IO_L23P_T3_34                | User IO       |             |      34 |            |      |                     |                      |         |            |           |          |          |                  |              |                   |              |
| M6         |                  | Dedicated  | TMS_0                        | Config        |             |       0 |            |      |                     |                      |         |            |           |          |          |                  |              |                   |              |
| M7         |                  | Dedicated  | M0_0                         | Config        |             |       0 |            |      |                     |                      |         |            |           |          |          |                  |              |                   |              |
| M8         |                  | Dedicated  | M1_0                         | Config        |             |       0 |            |      |                     |                      |         |            |           |          |          |                  |              |                   |              |
| M9         |                  | Dedicated  | M2_0                         | Config        |             |       0 |            |      |                     |                      |         |            |           |          |          |                  |              |                   |              |
| M10        |                  | High Range | IO_25_14                     | User IO       |             |      14 |            |      |                     |                      |         |            |           |          |          |                  |              |                   |              |
| M11        |                  | High Range | IO_L20P_T3_D24_14            | User IO       |             |      14 |            |      |                     |                      |         |            |           |          |          |                  |              |                   |              |
| M12        | cam_gpio[0]      | High Range | IO_L20N_T3_D23_14            | OUTPUT        | LVCMOS33    |      14 |         12 | SLOW |                     |            FP_VTT_50 |         | FIXED      |           |          |          | NONE             |              |                   |              |
| M13        |                  | High Range | IO_L15P_T2_DQS_RDWR_B_14     | User IO       |             |      14 |            |      |                     |                      |         |            |           |          |          |                  |              |                   |              |
| M14        |                  | High Range | IO_L21N_T3_DQS_D22_14        | User IO       |             |      14 |            |      |                     |                      |         |            |           |          |          |                  |              |                   |              |
| N1         |                  | High Range | IO_L20N_T3_34                | User IO       |             |      34 |            |      |                     |                      |         |            |           |          |          |                  |              |                   |              |
| N2         |                  | High Range | VCCO_34                      | VCCO          |             |      34 |            |      |                     |                      |    3.30 |            |           |          |          |                  |              |                   |              |
| N3         |                  |            | GND                          | GND           |             |         |            |      |                     |                      |     0.0 |            |           |          |          |                  |              |                   |              |
| N4         |                  | High Range | IO_L24N_T3_34                | User IO       |             |      34 |            |      |                     |                      |         |            |           |          |          |                  |              |                   |              |
| N5         |                  |            | GND                          | GND           |             |         |            |      |                     |                      |     0.0 |            |           |          |          |                  |              |                   |              |
| N6         |                  | Dedicated  | VCCO_0                       | VCCO          |             |       0 |            |      |                     |                      |   any** |            |           |          |          |                  |              |                   |              |
| N7         |                  | Dedicated  | CFGBVS_0                     | Config        |             |       0 |            |      |                     |                      |         |            |           |          |          |                  |              |                   |              |
| N8         |                  | Dedicated  | VCCO_0                       | VCCO          |             |       0 |            |      |                     |                      |   any** |            |           |          |          |                  |              |                   |              |
| N9         |                  |            | GND                          | GND           |             |         |            |      |                     |                      |     0.0 |            |           |          |          |                  |              |                   |              |
| N10        |                  | High Range | IO_L23P_T3_D19_14            | User IO       |             |      14 |            |      |                     |                      |         |            |           |          |          |                  |              |                   |              |
| N11        |                  | High Range | IO_L23N_T3_D18_14            | User IO       |             |      14 |            |      |                     |                      |         |            |           |          |          |                  |              |                   |              |
| N12        |                  |            | GND                          | GND           |             |         |            |      |                     |                      |     0.0 |            |           |          |          |                  |              |                   |              |
| N13        |                  | High Range | VCCO_14                      | VCCO          |             |      14 |            |      |                     |                      |    3.30 |            |           |          |          |                  |              |                   |              |
| N14        |                  | High Range | IO_L21P_T3_DQS_14            | User IO       |             |      14 |            |      |                     |                      |         |            |           |          |          |                  |              |                   |              |
| P1         |                  |            | GND                          | GND           |             |         |            |      |                     |                      |     0.0 |            |           |          |          |                  |              |                   |              |
| P2         |                  | High Range | IO_L20P_T3_34                | User IO       |             |      34 |            |      |                     |                      |         |            |           |          |          |                  |              |                   |              |
| P3         |                  | High Range | IO_L21N_T3_DQS_34            | User IO       |             |      34 |            |      |                     |                      |         |            |           |          |          |                  |              |                   |              |
| P4         |                  | High Range | IO_L21P_T3_DQS_34            | User IO       |             |      34 |            |      |                     |                      |         |            |           |          |          |                  |              |                   |              |
| P5         |                  | High Range | IO_L24P_T3_34                | User IO       |             |      34 |            |      |                     |                      |         |            |           |          |          |                  |              |                   |              |
| P6         |                  | Dedicated  | TDO_0                        | Config        |             |       0 |            |      |                     |                      |         |            |           |          |          |                  |              |                   |              |
| P7         |                  | Dedicated  | TDI_0                        | Config        |             |       0 |            |      |                     |                      |         |            |           |          |          |                  |              |                   |              |
| P8         |                  | Dedicated  | INIT_B_0                     | Config        |             |       0 |            |      |                     |                      |         |            |           |          |          |                  |              |                   |              |
| P9         |                  | Dedicated  | DONE_0                       | Config        |             |       0 |            |      |                     |                      |         |            |           |          |          |                  |              |                   |              |
| P10        | data_rxp_0[1]    | High Range | IO_L24P_T3_D17_14            | INPUT         | LVDS_25     |      14 |            |      |                     |                 NONE |         | FIXED      |           |          |          | NONE             |              |                   |              |
| P11        | data_rxn_0[1]    | High Range | IO_L24N_T3_D16_14            | INPUT         | LVDS_25     |      14 |            |      |                     |                 NONE |         | FIXED      |           |          |          | NONE             |              |                   |              |
| P12        |                  | High Range | IO_L22P_T3_D21_14            | User IO       |             |      14 |            |      |                     |                      |         |            |           |          |          |                  |              |                   |              |
| P13        |                  | High Range | IO_L22N_T3_D20_14            | User IO       |             |      14 |            |      |                     |                      |         |            |           |          |          |                  |              |                   |              |
| P14        |                  |            | GND                          | GND           |             |         |            |      |                     |                      |     0.0 |            |           |          |          |                  |              |                   |              |
+------------+------------------+------------+------------------------------+---------------+-------------+---------+------------+------+---------------------+----------------------+---------+------------+-----------+----------+----------+------------------+--------------+-------------------+--------------+
* Default value
** Special VCCO requirements may apply. Please consult the device family datasheet for specific guideline on VCCO requirements.


